{
  "stats": {
    "suites": 1,
    "tests": 4,
    "passes": 4,
    "pending": 0,
    "failures": 0,
    "start": "2022-05-09T20:48:57.009Z",
    "end": "2022-05-09T20:49:26.307Z",
    "duration": 29298,
    "testsRegistered": 4,
    "passPercent": 100,
    "pendingPercent": 0,
    "other": 0,
    "hasOther": false,
    "skipped": 0,
    "hasSkipped": false
  },
  "results": [
    {
      "uuid": "99930c2e-3962-4b57-9bf6-ba5aa6e51b03",
      "title": "",
      "fullFile": "cypress/integration/3-AluraPIC/alurapic.spec.js",
      "file": "cypress/integration/3-AluraPIC/alurapic.spec.js",
      "beforeHooks": [],
      "afterHooks": [],
      "tests": [],
      "suites": [
        {
          "uuid": "6d63fb7a-95d7-4ffc-bd2f-66c863965367",
          "title": "Login e registro de usuarios alura pic",
          "fullFile": "",
          "file": "",
          "beforeHooks": [],
          "afterHooks": [],
          "tests": [
            {
              "title": "verificar mensagens validacao",
              "fullTitle": "Login e registro de usuarios alura pic verificar mensagens validacao",
              "timedOut": null,
              "duration": 5622,
              "state": "passed",
              "speed": "medium",
              "pass": true,
              "fail": false,
              "pending": false,
              "context": null,
              "code": "cy.contains('a', 'Register now').click(); //vai verificar o elemento A no html, a palavra \"Register now\"\ncy.contains('button', 'Register').click(); //vai verificar o elemento button no html, a palavra \"Register\"\ncy.contains('ap-vmessage', 'Email is required').should('be.visible'); //vai validar o elemento ap-vmessage no html e verificar a messagem e be.visible é para visualizar a mensagem \ncy.contains('button', 'Register').click();\ncy.contains('ap-vmessage', 'Full name is required!').should('be.visible');\ncy.contains('ap-vmessage', 'User name is required!').should('be.visible');\ncy.contains('ap-vmessage', 'Password is required!').should('be.visible');",
              "err": {},
              "uuid": "b5e971d3-3f15-4a4f-97e6-fd916215048b",
              "parentUUID": "6d63fb7a-95d7-4ffc-bd2f-66c863965367",
              "isHook": false,
              "skipped": false
            },
            {
              "title": "verificar mensagens de email invalido",
              "fullTitle": "Login e registro de usuarios alura pic verificar mensagens de email invalido",
              "timedOut": null,
              "duration": 3075,
              "state": "passed",
              "speed": "fast",
              "pass": true,
              "fail": false,
              "pending": false,
              "context": null,
              "code": "cy.contains('a', 'Register now').click(); //vai verificar o elemento A no html, a palavra \"Register now\"\ncy.contains('button', 'Register').click(); //vai verificar o elemento button no html, a palavra \"Register\"\ncy.contains('ap-vmessage', 'Email is required').should('be.visible'); //vai validar o elemento ap-vmessage no html e verificar a messagem e be.visible é para visualizar a mensagem \ncy.get('input[formcontrolname=\"email\"]').type('thayna');\ncy.contains('ap-vmessage', 'Invalid e-mail').should('be.visible');",
              "err": {},
              "uuid": "30d26fbe-d11a-4ae1-924b-3ae430d3c711",
              "parentUUID": "6d63fb7a-95d7-4ffc-bd2f-66c863965367",
              "isHook": false,
              "skipped": false
            },
            {
              "title": "verificar mensagens de senha com menos de 8 caracteres",
              "fullTitle": "Login e registro de usuarios alura pic verificar mensagens de senha com menos de 8 caracteres",
              "timedOut": null,
              "duration": 2311,
              "state": "passed",
              "speed": "fast",
              "pass": true,
              "fail": false,
              "pending": false,
              "context": null,
              "code": "cy.contains('a', 'Register now').click(); //vai verificar o elemento A no html, a palavra \"Register now\"\ncy.contains('button', 'Register').click(); //vai verificar o elemento button no html, a palavra \"Register\"\ncy.contains('ap-vmessage', 'Email is required').should('be.visible'); //vai validar o elemento ap-vmessage no html e verificar a messagem e be.visible é para visualizar a mensagem \ncy.get('input[formcontrolname=\"password\"]').type('123');\ncy.contains('button', 'Register').click();\ncy.contains('ap-vmessage', 'Mininum length is 8').should('be.visible');",
              "err": {},
              "uuid": "49c30193-a575-45ed-92db-27e7b0b7d22c",
              "parentUUID": "6d63fb7a-95d7-4ffc-bd2f-66c863965367",
              "isHook": false,
              "skipped": false
            },
            {
              "title": "verificar mensagens de que o nome do usuario deve estar em minusculo",
              "fullTitle": "Login e registro de usuarios alura pic verificar mensagens de que o nome do usuario deve estar em minusculo",
              "timedOut": null,
              "duration": 2052,
              "state": "passed",
              "speed": "fast",
              "pass": true,
              "fail": false,
              "pending": false,
              "context": null,
              "code": "cy.contains('a', 'Register now').click(); //vai verificar o elemento A no html, a palavra \"Register now\"\ncy.contains('button', 'Register').click(); //vai verificar o elemento button no html, a palavra \"Register\"\ncy.contains('ap-vmessage', 'Email is required').should('be.visible'); //vai validar o elemento ap-vmessage no html e verificar a messagem e be.visible é para visualizar a mensagem \ncy.get('input[formcontrolname=\"userName\"]').type('THAYNA');\ncy.contains('button', 'Register').click();\ncy.contains('ap-vmessage', 'Must be lower case').should('be.visible');",
              "err": {},
              "uuid": "7f58ea64-5a25-4f6b-b046-25586b41a580",
              "parentUUID": "6d63fb7a-95d7-4ffc-bd2f-66c863965367",
              "isHook": false,
              "skipped": false
            }
          ],
          "suites": [],
          "passes": [
            "b5e971d3-3f15-4a4f-97e6-fd916215048b",
            "30d26fbe-d11a-4ae1-924b-3ae430d3c711",
            "49c30193-a575-45ed-92db-27e7b0b7d22c",
            "7f58ea64-5a25-4f6b-b046-25586b41a580"
          ],
          "failures": [],
          "pending": [],
          "skipped": [],
          "duration": 13060,
          "root": false,
          "rootEmpty": false,
          "_timeout": 2000
        }
      ],
      "passes": [],
      "failures": [],
      "pending": [],
      "skipped": [],
      "duration": 0,
      "root": true,
      "rootEmpty": true,
      "_timeout": 2000
    }
  ],
  "meta": {
    "mocha": {
      "version": "7.0.1"
    },
    "mochawesome": {
      "options": {
        "quiet": false,
        "reportFilename": "mochawesome",
        "saveHtml": true,
        "saveJson": true,
        "consoleReporter": "spec",
        "useInlineDiffs": false,
        "code": true
      },
      "version": "7.1.3"
    },
    "marge": {
      "options": null,
      "version": "6.2.0"
    }
  }
}